MobileClients/Android/nervousnet/nervousnetHUB/build/outputs/logs/manifest-merger-debug-report.txt
-- Merging decision tree log ---
manifest
ADDED from src/main/AndroidManifest.xml:2:1-119:12
	package
		ADDED from src/main/AndroidManifest.xml:3:5-42
		INJECTED from src/main/AndroidManifest.xml
		INJECTED from src/main/AndroidManifest.xml
	android:versionName
		ADDED from src/main/AndroidManifest.xml:5:5-39
		INJECTED from src/main/AndroidManifest.xml
		INJECTED from src/main/AndroidManifest.xml
	android:versionCode
		ADDED from src/main/AndroidManifest.xml:4:5-29
		INJECTED from src/main/AndroidManifest.xml
		INJECTED from src/main/AndroidManifest.xml
	xmlns:android
		ADDED from src/main/AndroidManifest.xml:2:11-69
uses-permission#android.permission.WRITE_EXTERNAL_STORAGE
ADDED from src/main/AndroidManifest.xml:12:5-81
	android:name
		ADDED from src/main/AndroidManifest.xml:12:22-78
uses-permission#android.permission.ACCESS_NETWORK_STATE
ADDED from src/main/AndroidManifest.xml:13:5-79
	android:name
		ADDED from src/main/AndroidManifest.xml:13:22-76
uses-permission#android.permission.RECORD_AUDIO
ADDED from src/main/AndroidManifest.xml:14:5-71
	android:name
		ADDED from src/main/AndroidManifest.xml:14:22-68
uses-permission#android.permission.INTERNET
ADDED from src/main/AndroidManifest.xml:15:5-67
	android:name
		ADDED from src/main/AndroidManifest.xml:15:22-64
uses-permission#android.permission.ACCESS_WIMAX_STATE
ADDED from src/main/AndroidManifest.xml:16:5-77
	android:name
		ADDED from src/main/AndroidManifest.xml:16:22-74
uses-permission#android.permission.ACCESS_WIFI_STATE
ADDED from src/main/AndroidManifest.xml:17:5-76
	android:name
		ADDED from src/main/AndroidManifest.xml:17:22-73
uses-permission#android.permission.ACCESS_COARSE_LOCATION
ADDED from src/main/AndroidManifest.xml:18:5-81
	android:name
		ADDED from src/main/AndroidManifest.xml:18:22-78
uses-permission#android.permission.ACCESS_FINE_LOCATION
ADDED from src/main/AndroidManifest.xml:19:5-79
	android:name
		ADDED from src/main/AndroidManifest.xml:19:22-76
uses-permission#android.permission.WAKE_LOCK
ADDED from src/main/AndroidManifest.xml:20:5-68
	android:name
		ADDED from src/main/AndroidManifest.xml:20:22-65
uses-permission#android.permission.VIBRATE
ADDED from src/main/AndroidManifest.xml:21:5-66
	android:name
		ADDED from src/main/AndroidManifest.xml:21:22-63
uses-sdk
ADDED from src/main/AndroidManifest.xml:23:5-25:41
MERGED from [nervousnet:nervousnetVM:unspecified] AndroidManifest.xml:7:5-9:41
MERGED from [nervousnet:nervousnetLIB:unspecified] AndroidManifest.xml:7:5-9:41
MERGED from [com.android.support:support-v4:23.2.1] AndroidManifest.xml:20:5-43
MERGED from [com.android.support:appcompat-v7:21.0.3] AndroidManifest.xml:15:5-42
MERGED from [com.android.support:support-v4:23.2.1] AndroidManifest.xml:20:5-43
MERGED from [com.android.support:appcompat-v7:21.0.3] AndroidManifest.xml:15:5-42
MERGED from [com.android.support:support-v4:23.2.1] AndroidManifest.xml:20:5-43
	android:targetSdkVersion
		ADDED from src/main/AndroidManifest.xml:25:9-38
		INJECTED from src/main/AndroidManifest.xml
		INJECTED from src/main/AndroidManifest.xml
	android:minSdkVersion
		ADDED from src/main/AndroidManifest.xml:24:9-35
		INJECTED from src/main/AndroidManifest.xml
		INJECTED from src/main/AndroidManifest.xml
application
ADDED from src/main/AndroidManifest.xml:27:5-117:19
MERGED from [com.android.support:support-v4:23.2.1] AndroidManifest.xml:22:5-20
MERGED from [com.android.support:appcompat-v7:21.0.3] AndroidManifest.xml:16:5-19
MERGED from [com.android.support:support-v4:23.2.1] AndroidManifest.xml:22:5-20
MERGED from [com.android.support:appcompat-v7:21.0.3] AndroidManifest.xml:16:5-19
MERGED from [com.android.support:support-v4:23.2.1] AndroidManifest.xml:22:5-20
	android:label
		ADDED from src/main/AndroidManifest.xml:31:9-41
	android:allowBackup
		ADDED from src/main/AndroidManifest.xml:29:9-35
	android:icon
		ADDED from src/main/AndroidManifest.xml:30:9-45
	android:theme
		ADDED from src/main/AndroidManifest.xml:32:9-40
	android:name
		ADDED from src/main/AndroidManifest.xml:28:9-36
activity#ch.ethz.coss.nervousnet.hub.ui.SplashActivity
ADDED from src/main/AndroidManifest.xml:35:9-44:20
	android:label
		ADDED from src/main/AndroidManifest.xml:38:13-45
	android:configChanges
		ADDED from src/main/AndroidManifest.xml:37:13-48
	android:name
		ADDED from src/main/AndroidManifest.xml:36:13-46
intent-filter#android.intent.action.MAIN+android.intent.category.LAUNCHER
ADDED from src/main/AndroidManifest.xml:39:13-43:29
action#android.intent.action.MAIN
ADDED from src/main/AndroidManifest.xml:40:17-69
	android:name
		ADDED from src/main/AndroidManifest.xml:40:25-66
category#android.intent.category.LAUNCHER
ADDED from src/main/AndroidManifest.xml:42:17-77
	android:name
		ADDED from src/main/AndroidManifest.xml:42:27-74
service#ch.ethz.coss.nervousnet.hub.NervousnetHubApiService
ADDED from src/main/AndroidManifest.xml:46:9-53:19
	android:enabled
		ADDED from src/main/AndroidManifest.xml:48:13-35
	android:exported
		ADDED from src/main/AndroidManifest.xml:49:13-36
	android:name
		ADDED from src/main/AndroidManifest.xml:47:13-52
intent-filter#ch.ethz.coss.nervousnet.hub
ADDED from src/main/AndroidManifest.xml:50:13-52:29
action#ch.ethz.coss.nervousnet.hub
ADDED from src/main/AndroidManifest.xml:51:17-70
	android:name
		ADDED from src/main/AndroidManifest.xml:51:25-67
activity#ch.ethz.coss.nervousnet.hub.ui.MainActivity
ADDED from src/main/AndroidManifest.xml:55:9-57:57
	android:label
		ADDED from src/main/AndroidManifest.xml:57:13-45
	android:name
		ADDED from src/main/AndroidManifest.xml:56:13-44
activity#ch.ethz.coss.nervousnet.hub.ui.SensorDisplayActivity
ADDED from src/main/AndroidManifest.xml:58:9-64:20
	android:label
		ADDED from src/main/AndroidManifest.xml:60:13-59
	android:name
		ADDED from src/main/AndroidManifest.xml:59:13-53
meta-data#android.support.PARENT_ACTIVITY
ADDED from src/main/AndroidManifest.xml:61:13-63:79
	android:value
		ADDED from src/main/AndroidManifest.xml:63:17-76
	android:name
		ADDED from src/main/AndroidManifest.xml:62:17-63
activity#ch.ethz.coss.nervousnet.hub.ui.AnalyticsActivity
ADDED from src/main/AndroidManifest.xml:65:9-71:20
	android:label
		ADDED from src/main/AndroidManifest.xml:67:13-59
	android:name
		ADDED from src/main/AndroidManifest.xml:66:13-49
activity#ch.ethz.coss.nervousnet.hub.ui.ShowcaseActivity
ADDED from src/main/AndroidManifest.xml:72:9-78:20
	android:label
		ADDED from src/main/AndroidManifest.xml:74:13-59
	android:name
		ADDED from src/main/AndroidManifest.xml:73:13-48
activity#ch.ethz.coss.nervousnet.hub.ui.SettingsActivity
ADDED from src/main/AndroidManifest.xml:79:9-85:20
	android:label
		ADDED from src/main/AndroidManifest.xml:81:13-59
	android:name
		ADDED from src/main/AndroidManifest.xml:80:13-48
activity#ch.ethz.coss.nervousnet.hub.ui.HelpActivity
ADDED from src/main/AndroidManifest.xml:86:9-92:20
	android:label
		ADDED from src/main/AndroidManifest.xml:88:13-59
	android:name
		ADDED from src/main/AndroidManifest.xml:87:13-44
activity#ch.ethz.coss.nervousnet.hub.ui.AboutActivity
ADDED from src/main/AndroidManifest.xml:93:9-99:20
	android:label
		ADDED from src/main/AndroidManifest.xml:95:13-59
	android:name
		ADDED from src/main/AndroidManifest.xml:94:13-45
activity#ch.ethz.coss.nervousnet.hub.ui.CollectionRateSettingsActivity
ADDED from src/main/AndroidManifest.xml:100:9-106:20
	android:label
		ADDED from src/main/AndroidManifest.xml:102:13-59
	android:name
		ADDED from src/main/AndroidManifest.xml:101:13-62
activity#ch.ethz.coss.nervousnet.hub.ui.ShowSensorListActivity
ADDED from src/main/AndroidManifest.xml:107:9-113:20
	android:label
		ADDED from src/main/AndroidManifest.xml:109:13-59
	android:name
		ADDED from src/main/AndroidManifest.xml:108:13-54
activity#ch.ethz.coss.nervousnet.hub.ui.SpaceActivity
ADDED from src/main/AndroidManifest.xml:114:9-116:69
	android:label
		ADDED from src/main/AndroidManifest.xml:116:13-57
	android:name
		ADDED from src/main/AndroidManifest.xml:115:13-72